{"/Users/n/code/coin-change/test.js":{"path":"/Users/n/code/coin-change/test.js","s":{"1":1,"2":1,"3":1,"4":1,"5":1,"6":1,"7":1,"8":1,"9":1,"10":1,"11":1,"12":1,"13":1,"14":1,"15":1,"16":1,"17":1,"18":1,"19":1,"20":1,"21":1,"22":1,"23":1,"24":1,"25":1,"26":1,"27":1,"28":1,"29":1,"30":1,"31":1,"32":1,"33":1,"34":1},"b":{},"f":{"1":1,"2":1,"3":1,"4":1,"5":1,"6":1,"7":1,"8":1,"9":1,"10":1,"11":1,"12":1},"fnMap":{"1":{"name":"(anonymous_1)","line":4,"loc":{"start":{"line":4,"column":27},"end":{"line":4,"column":40}}},"2":{"name":"(anonymous_2)","line":5,"loc":{"start":{"line":5,"column":24},"end":{"line":5,"column":46}}},"3":{"name":"(anonymous_3)","line":12,"loc":{"start":{"line":12,"column":30},"end":{"line":12,"column":43}}},"4":{"name":"(anonymous_4)","line":13,"loc":{"start":{"line":13,"column":36},"end":{"line":13,"column":58}}},"5":{"name":"(anonymous_5)","line":20,"loc":{"start":{"line":20,"column":29},"end":{"line":20,"column":42}}},"6":{"name":"(anonymous_6)","line":21,"loc":{"start":{"line":21,"column":26},"end":{"line":21,"column":48}}},"7":{"name":"(anonymous_7)","line":28,"loc":{"start":{"line":28,"column":51},"end":{"line":28,"column":64}}},"8":{"name":"(anonymous_8)","line":29,"loc":{"start":{"line":29,"column":32},"end":{"line":29,"column":54}}},"9":{"name":"(anonymous_9)","line":36,"loc":{"start":{"line":36,"column":41},"end":{"line":36,"column":54}}},"10":{"name":"(anonymous_10)","line":37,"loc":{"start":{"line":37,"column":22},"end":{"line":37,"column":45}}},"11":{"name":"(anonymous_11)","line":44,"loc":{"start":{"line":44,"column":27},"end":{"line":44,"column":40}}},"12":{"name":"(anonymous_12)","line":47,"loc":{"start":{"line":47,"column":32},"end":{"line":47,"column":54}}}},"statementMap":{"1":{"start":{"line":1,"column":0},"end":{"line":1,"column":28}},"2":{"start":{"line":2,"column":0},"end":{"line":2,"column":22}},"3":{"start":{"line":4,"column":0},"end":{"line":10,"column":3}},"4":{"start":{"line":5,"column":2},"end":{"line":9,"column":5}},"5":{"start":{"line":6,"column":4},"end":{"line":6,"column":23}},"6":{"start":{"line":7,"column":4},"end":{"line":7,"column":41}},"7":{"start":{"line":8,"column":4},"end":{"line":8,"column":12}},"8":{"start":{"line":12,"column":0},"end":{"line":18,"column":3}},"9":{"start":{"line":13,"column":2},"end":{"line":17,"column":5}},"10":{"start":{"line":14,"column":4},"end":{"line":14,"column":33}},"11":{"start":{"line":15,"column":4},"end":{"line":15,"column":28}},"12":{"start":{"line":16,"column":4},"end":{"line":16,"column":12}},"13":{"start":{"line":20,"column":0},"end":{"line":26,"column":3}},"14":{"start":{"line":21,"column":2},"end":{"line":25,"column":5}},"15":{"start":{"line":22,"column":4},"end":{"line":22,"column":35}},"16":{"start":{"line":23,"column":4},"end":{"line":23,"column":28}},"17":{"start":{"line":24,"column":4},"end":{"line":24,"column":12}},"18":{"start":{"line":28,"column":0},"end":{"line":34,"column":3}},"19":{"start":{"line":29,"column":2},"end":{"line":33,"column":5}},"20":{"start":{"line":30,"column":4},"end":{"line":30,"column":33}},"21":{"start":{"line":31,"column":4},"end":{"line":31,"column":28}},"22":{"start":{"line":32,"column":4},"end":{"line":32,"column":12}},"23":{"start":{"line":36,"column":0},"end":{"line":42,"column":3}},"24":{"start":{"line":37,"column":2},"end":{"line":41,"column":5}},"25":{"start":{"line":38,"column":4},"end":{"line":38,"column":35}},"26":{"start":{"line":39,"column":4},"end":{"line":39,"column":28}},"27":{"start":{"line":40,"column":4},"end":{"line":40,"column":12}},"28":{"start":{"line":44,"column":0},"end":{"line":52,"column":3}},"29":{"start":{"line":45,"column":2},"end":{"line":45,"column":31}},"30":{"start":{"line":46,"column":2},"end":{"line":46,"column":22}},"31":{"start":{"line":47,"column":2},"end":{"line":51,"column":5}},"32":{"start":{"line":48,"column":4},"end":{"line":48,"column":33}},"33":{"start":{"line":49,"column":4},"end":{"line":49,"column":28}},"34":{"start":{"line":50,"column":4},"end":{"line":50,"column":12}}},"branchMap":{}},"/Users/n/code/coin-change/index.js":{"path":"/Users/n/code/coin-change/index.js","s":{"1":1,"2":1,"3":1,"4":1,"5":1,"6":1,"7":1,"8":6,"9":2,"10":6,"11":1,"12":6,"13":2,"14":6,"15":6,"16":72,"17":72,"18":4,"19":4,"20":4,"21":4,"22":4,"23":1,"24":1},"b":{"1":[2,4],"2":[6,6,4],"3":[1,5],"4":[6,5],"5":[2,4],"6":[6,4],"7":[4,68],"8":[1,3]},"f":{"1":6},"fnMap":{"1":{"name":"(anonymous_1)","line":14,"loc":{"start":{"line":14,"column":14},"end":{"line":14,"column":58}}}},"statementMap":{"1":{"start":{"line":1,"column":0},"end":{"line":1,"column":11}},"2":{"start":{"line":2,"column":0},"end":{"line":2,"column":67}},"3":{"start":{"line":3,"column":0},"end":{"line":3,"column":22}},"4":{"start":{"line":4,"column":0},"end":{"line":4,"column":45}},"5":{"start":{"line":5,"column":0},"end":{"line":5,"column":31}},"6":{"start":{"line":6,"column":0},"end":{"line":6,"column":60}},"7":{"start":{"line":14,"column":0},"end":{"line":51,"column":2}},"8":{"start":{"line":20,"column":4},"end":{"line":22,"column":5}},"9":{"start":{"line":21,"column":6},"end":{"line":21,"column":35}},"10":{"start":{"line":24,"column":4},"end":{"line":27,"column":5}},"11":{"start":{"line":26,"column":6},"end":{"line":26,"column":35}},"12":{"start":{"line":29,"column":4},"end":{"line":31,"column":5}},"13":{"start":{"line":30,"column":6},"end":{"line":30,"column":37}},"14":{"start":{"line":33,"column":4},"end":{"line":34,"column":40}},"15":{"start":{"line":36,"column":4},"end":{"line":50,"column":5}},"16":{"start":{"line":37,"column":8},"end":{"line":37,"column":28}},"17":{"start":{"line":39,"column":8},"end":{"line":49,"column":9}},"18":{"start":{"line":40,"column":12},"end":{"line":40,"column":51}},"19":{"start":{"line":42,"column":12},"end":{"line":48,"column":13}},"20":{"start":{"line":43,"column":16},"end":{"line":43,"column":34}},"21":{"start":{"line":44,"column":16},"end":{"line":44,"column":45}},"22":{"start":{"line":45,"column":16},"end":{"line":47,"column":17}},"23":{"start":{"line":46,"column":18},"end":{"line":46,"column":41}},"24":{"start":{"line":53,"column":0},"end":{"line":53,"column":19}}},"branchMap":{"1":{"line":20,"type":"if","locations":[{"start":{"line":20,"column":4},"end":{"line":20,"column":4}},{"start":{"line":20,"column":4},"end":{"line":20,"column":4}}]},"2":{"line":20,"type":"binary-expr","locations":[{"start":{"line":20,"column":7},"end":{"line":20,"column":25}},{"start":{"line":20,"column":29},"end":{"line":20,"column":48}},{"start":{"line":20,"column":52},"end":{"line":20,"column":67}}]},"3":{"line":24,"type":"if","locations":[{"start":{"line":24,"column":4},"end":{"line":24,"column":4}},{"start":{"line":24,"column":4},"end":{"line":24,"column":4}}]},"4":{"line":24,"type":"binary-expr","locations":[{"start":{"line":24,"column":7},"end":{"line":24,"column":28}},{"start":{"line":25,"column":9},"end":{"line":25,"column":26}}]},"5":{"line":29,"type":"if","locations":[{"start":{"line":29,"column":4},"end":{"line":29,"column":4}},{"start":{"line":29,"column":4},"end":{"line":29,"column":4}}]},"6":{"line":29,"type":"binary-expr","locations":[{"start":{"line":29,"column":7},"end":{"line":29,"column":36}},{"start":{"line":29,"column":40},"end":{"line":29,"column":69}}]},"7":{"line":39,"type":"if","locations":[{"start":{"line":39,"column":8},"end":{"line":39,"column":8}},{"start":{"line":39,"column":8},"end":{"line":39,"column":8}}]},"8":{"line":45,"type":"if","locations":[{"start":{"line":45,"column":16},"end":{"line":45,"column":16}},{"start":{"line":45,"column":16},"end":{"line":45,"column":16}}]}}}}