{"/Users/n/play/coin-change/test.js":{"path":"/Users/n/play/coin-change/test.js","s":{"1":1,"2":1,"3":1,"4":1,"5":1,"6":1,"7":1,"8":1,"9":1,"10":1,"11":1,"12":1,"13":1,"14":1,"15":1},"b":{},"f":{"1":1,"2":1,"3":1,"4":1,"5":1,"6":1},"fnMap":{"1":{"name":"(anonymous_1)","line":4,"loc":{"start":{"line":4,"column":27},"end":{"line":4,"column":39}}},"2":{"name":"(anonymous_2)","line":5,"loc":{"start":{"line":5,"column":24},"end":{"line":5,"column":45}}},"3":{"name":"(anonymous_3)","line":27,"loc":{"start":{"line":27,"column":31},"end":{"line":27,"column":43}}},"4":{"name":"(anonymous_4)","line":28,"loc":{"start":{"line":28,"column":32},"end":{"line":28,"column":53}}},"5":{"name":"(anonymous_5)","line":35,"loc":{"start":{"line":35,"column":41},"end":{"line":35,"column":53}}},"6":{"name":"(anonymous_6)","line":36,"loc":{"start":{"line":36,"column":22},"end":{"line":36,"column":43}}}},"statementMap":{"1":{"start":{"line":1,"column":0},"end":{"line":1,"column":28}},"2":{"start":{"line":2,"column":0},"end":{"line":2,"column":22}},"3":{"start":{"line":4,"column":0},"end":{"line":9,"column":3}},"4":{"start":{"line":5,"column":2},"end":{"line":8,"column":5}},"5":{"start":{"line":6,"column":4},"end":{"line":6,"column":41}},"6":{"start":{"line":7,"column":4},"end":{"line":7,"column":12}},"7":{"start":{"line":27,"column":0},"end":{"line":33,"column":3}},"8":{"start":{"line":28,"column":2},"end":{"line":32,"column":5}},"9":{"start":{"line":29,"column":4},"end":{"line":29,"column":33}},"10":{"start":{"line":30,"column":4},"end":{"line":30,"column":28}},"11":{"start":{"line":31,"column":4},"end":{"line":31,"column":12}},"12":{"start":{"line":35,"column":0},"end":{"line":41,"column":3}},"13":{"start":{"line":36,"column":2},"end":{"line":40,"column":5}},"14":{"start":{"line":38,"column":4},"end":{"line":38,"column":28}},"15":{"start":{"line":39,"column":4},"end":{"line":39,"column":12}}},"branchMap":{}},"/Users/n/play/coin-change/index.js":{"path":"/Users/n/play/coin-change/index.js","s":{"1":1,"2":1,"3":1,"4":1,"5":1,"6":3,"7":1,"8":3,"9":1,"10":3,"11":3,"12":36,"13":36,"14":4,"15":4,"16":4,"17":4,"18":4,"19":1,"20":1},"b":{"1":[1,2],"2":[3,3,2],"3":[1,2],"4":[3,2],"5":[4,32],"6":[1,3]},"f":{"1":3},"fnMap":{"1":{"name":"(anonymous_1)","line":12,"loc":{"start":{"line":12,"column":14},"end":{"line":12,"column":58}}}},"statementMap":{"1":{"start":{"line":1,"column":0},"end":{"line":1,"column":11}},"2":{"start":{"line":2,"column":0},"end":{"line":2,"column":67}},"3":{"start":{"line":3,"column":0},"end":{"line":3,"column":45}},"4":{"start":{"line":4,"column":0},"end":{"line":4,"column":31}},"5":{"start":{"line":12,"column":0},"end":{"line":44,"column":2}},"6":{"start":{"line":18,"column":4},"end":{"line":20,"column":5}},"7":{"start":{"line":19,"column":6},"end":{"line":19,"column":35}},"8":{"start":{"line":22,"column":4},"end":{"line":24,"column":5}},"9":{"start":{"line":23,"column":6},"end":{"line":23,"column":37}},"10":{"start":{"line":26,"column":4},"end":{"line":27,"column":40}},"11":{"start":{"line":29,"column":4},"end":{"line":43,"column":5}},"12":{"start":{"line":30,"column":8},"end":{"line":30,"column":28}},"13":{"start":{"line":32,"column":8},"end":{"line":42,"column":9}},"14":{"start":{"line":33,"column":12},"end":{"line":33,"column":51}},"15":{"start":{"line":35,"column":12},"end":{"line":41,"column":13}},"16":{"start":{"line":36,"column":16},"end":{"line":36,"column":34}},"17":{"start":{"line":37,"column":16},"end":{"line":37,"column":45}},"18":{"start":{"line":38,"column":16},"end":{"line":40,"column":17}},"19":{"start":{"line":39,"column":18},"end":{"line":39,"column":41}},"20":{"start":{"line":46,"column":0},"end":{"line":46,"column":19}}},"branchMap":{"1":{"line":18,"type":"if","locations":[{"start":{"line":18,"column":4},"end":{"line":18,"column":4}},{"start":{"line":18,"column":4},"end":{"line":18,"column":4}}]},"2":{"line":18,"type":"binary-expr","locations":[{"start":{"line":18,"column":7},"end":{"line":18,"column":25}},{"start":{"line":18,"column":29},"end":{"line":18,"column":48}},{"start":{"line":18,"column":52},"end":{"line":18,"column":67}}]},"3":{"line":22,"type":"if","locations":[{"start":{"line":22,"column":4},"end":{"line":22,"column":4}},{"start":{"line":22,"column":4},"end":{"line":22,"column":4}}]},"4":{"line":22,"type":"binary-expr","locations":[{"start":{"line":22,"column":7},"end":{"line":22,"column":36}},{"start":{"line":22,"column":40},"end":{"line":22,"column":69}}]},"5":{"line":32,"type":"if","locations":[{"start":{"line":32,"column":8},"end":{"line":32,"column":8}},{"start":{"line":32,"column":8},"end":{"line":32,"column":8}}]},"6":{"line":38,"type":"if","locations":[{"start":{"line":38,"column":16},"end":{"line":38,"column":16}},{"start":{"line":38,"column":16},"end":{"line":38,"column":16}}]}}}}