TN:
SF:/Users/n/play/coin-change/test.js
FN:4,(anonymous_1)
FN:5,(anonymous_2)
FN:27,(anonymous_3)
FN:28,(anonymous_4)
FN:35,(anonymous_5)
FN:36,(anonymous_6)
FNF:6
FNH:6
FNDA:1,(anonymous_1)
FNDA:1,(anonymous_2)
FNDA:1,(anonymous_3)
FNDA:1,(anonymous_4)
FNDA:1,(anonymous_5)
FNDA:1,(anonymous_6)
DA:1,1
DA:2,1
DA:4,1
DA:5,1
DA:6,1
DA:7,1
DA:27,1
DA:28,1
DA:29,1
DA:30,1
DA:31,1
DA:35,1
DA:36,1
DA:38,1
DA:39,1
LF:15
LH:15
BRF:0
BRH:0
end_of_record
TN:
SF:/Users/n/play/coin-change/index.js
FN:12,(anonymous_1)
FNF:1
FNH:1
FNDA:3,(anonymous_1)
DA:1,1
DA:2,1
DA:3,1
DA:4,1
DA:12,1
DA:18,3
DA:19,1
DA:22,3
DA:23,1
DA:26,3
DA:29,3
DA:30,36
DA:32,36
DA:33,4
DA:35,4
DA:36,4
DA:37,4
DA:38,4
DA:39,1
DA:46,1
LF:20
LH:20
BRDA:18,1,0,1
BRDA:18,1,1,2
BRDA:18,2,0,3
BRDA:18,2,1,3
BRDA:18,2,2,2
BRDA:22,3,0,1
BRDA:22,3,1,2
BRDA:22,4,0,3
BRDA:22,4,1,2
BRDA:32,5,0,4
BRDA:32,5,1,32
BRDA:38,6,0,1
BRDA:38,6,1,3
BRF:13
BRH:13
end_of_record
