TN:
SF:/Users/n/play/coin-change/test.js
FN:4,(anonymous_1)
FN:5,(anonymous_2)
FN:12,(anonymous_3)
FN:13,(anonymous_4)
FN:20,(anonymous_5)
FN:21,(anonymous_6)
FN:28,(anonymous_7)
FN:29,(anonymous_8)
FN:36,(anonymous_9)
FN:37,(anonymous_10)
FN:44,(anonymous_11)
FN:45,(anonymous_12)
FNF:12
FNH:12
FNDA:1,(anonymous_1)
FNDA:1,(anonymous_2)
FNDA:1,(anonymous_3)
FNDA:1,(anonymous_4)
FNDA:1,(anonymous_5)
FNDA:1,(anonymous_6)
FNDA:1,(anonymous_7)
FNDA:1,(anonymous_8)
FNDA:1,(anonymous_9)
FNDA:1,(anonymous_10)
FNDA:1,(anonymous_11)
FNDA:1,(anonymous_12)
DA:1,1
DA:2,1
DA:4,1
DA:5,1
DA:6,1
DA:7,1
DA:8,1
DA:12,1
DA:13,1
DA:14,1
DA:15,1
DA:16,1
DA:20,1
DA:21,1
DA:22,1
DA:23,1
DA:24,1
DA:28,1
DA:29,1
DA:30,1
DA:31,1
DA:32,1
DA:36,1
DA:37,1
DA:38,1
DA:39,1
DA:40,1
DA:44,1
DA:45,1
DA:47,1
DA:48,1
LF:31
LH:31
BRF:0
BRH:0
end_of_record
TN:
SF:/Users/n/play/coin-change/index.js
FN:14,(anonymous_1)
FNF:1
FNH:1
FNDA:6,(anonymous_1)
DA:1,1
DA:2,1
DA:3,1
DA:4,1
DA:5,1
DA:6,1
DA:14,1
DA:17,6
DA:18,3
DA:26,6
DA:27,2
DA:30,6
DA:33,6
DA:34,72
DA:36,72
DA:37,4
DA:39,4
DA:40,4
DA:41,4
DA:42,4
DA:43,1
DA:50,1
LF:22
LH:22
BRDA:17,1,0,3
BRDA:17,1,1,3
BRDA:17,2,0,6
BRDA:17,2,1,6
BRDA:17,2,2,3
BRDA:26,3,0,2
BRDA:26,3,1,4
BRDA:26,4,0,6
BRDA:26,4,1,4
BRDA:36,5,0,4
BRDA:36,5,1,68
BRDA:42,6,0,1
BRDA:42,6,1,3
BRF:13
BRH:13
end_of_record
